[00:02:55] [Server thread/INFO]: There are 0 of a max of 20 players online: 
[00:06:02] [Server thread/INFO]: There are 0 of a max of 20 players online: 
[00:09:09] [Server thread/INFO]: There are 0 of a max of 20 players online: 
[00:12:15] [Server thread/INFO]: There are 0 of a max of 20 players online: 
[00:15:22] [Server thread/INFO]: There are 0 of a max of 20 players online: 
[00:18:29] [Server thread/INFO]: There are 0 of a max of 20 players online: 
[00:21:36] [Server thread/INFO]: There are 0 of a max of 20 players online: 
[00:24:43] [Server thread/INFO]: There are 0 of a max of 20 players online: 
[00:27:50] [Server thread/INFO]: There are 0 of a max of 20 players online: 
[00:30:57] [Server thread/INFO]: There are 0 of a max of 20 players online: 
[00:34:04] [Server thread/INFO]: There are 0 of a max of 20 players online: 
[00:36:40] [User Authenticator #5/INFO]: UUID of player Sesshomaruux is 801f18cb-e4b0-4f2e-b9ef-5ef4c28a0097
[00:36:45] [Server thread/INFO]: Using new advancement loading for net.minecraft.server.PlayerAdvancements@31472c1f
[00:36:45] [Server thread/INFO]: Sesshomaruux[/73.83.57.145:65240] logged in with entity id 9731 at (3819.1962375252087, 68.0, -210.81369294917545)
[00:36:45] [Server thread/INFO]: Sending ToolHandleTypeManager to Sesshomaruux
[00:36:45] [Server thread/INFO]: Sending SnowcapOvenFreezingManager to Sesshomaruux
[00:36:45] [Server thread/INFO]: Sending HorizoniteForgeFuelManager to Sesshomaruux
[00:36:45] [Server thread/INFO]: Sending AlchemyRecipeManager to Sesshomaruux
[00:36:45] [Server thread/INFO]: Sending JournalEntryManager to Sesshomaruux
[00:36:45] [Server thread/INFO]: Sending JournalSectionManager to Sesshomaruux
[00:36:45] [Server thread/INFO]: Sending JournalRequirementManager to Sesshomaruux
[00:36:45] [Server thread/INFO]: Sesshomaruux joined the game
[00:36:45] [Server thread/WARN]: Fetching packet for removed entity EntityCitizen['Matias C. Addicock'/637, l='ServerLevel[Valhelsia_4_1540493]', x=3948.62, y=67.02, z=-139.50]
[00:36:45] [Server thread/WARN]: Fetching packet for removed entity EntityCitizen['Kyson A. Conquest'/638, l='ServerLevel[Valhelsia_4_1540493]', x=3913.50, y=64.00, z=-141.90]
[00:37:11] [Server thread/INFO]: There are 1 of a max of 20 players online: Sesshomaruux
[00:37:30] [User Authenticator #6/INFO]: UUID of player TinyTn is 050bbd94-bc95-4142-a2c7-f819886644ab
[00:37:34] [Server thread/INFO]: Using new advancement loading for net.minecraft.server.PlayerAdvancements@7ec4d18d
[00:37:34] [Server thread/INFO]: TinyTn[/45.51.57.108:54731] logged in with entity id 11178 at (3694.0135198281428, 71.0, -308.4033874165621)
[00:37:34] [Server thread/INFO]: Sending ToolHandleTypeManager to TinyTn
[00:37:34] [Server thread/INFO]: Sending SnowcapOvenFreezingManager to TinyTn
[00:37:34] [Server thread/INFO]: Sending HorizoniteForgeFuelManager to TinyTn
[00:37:34] [Server thread/INFO]: Sending AlchemyRecipeManager to TinyTn
[00:37:34] [Server thread/INFO]: Sending JournalEntryManager to TinyTn
[00:37:34] [Server thread/INFO]: Sending JournalSectionManager to TinyTn
[00:37:34] [Server thread/INFO]: Sending JournalRequirementManager to TinyTn
[00:37:34] [Server thread/INFO]: TinyTn joined the game
[00:37:51] [Server thread/WARN]: Fetching packet for removed entity EntityCitizen['Bruce C. Ardall'/633, l='ServerLevel[Valhelsia_4_1540493]', x=3867.50, y=63.00, z=-32.03]
[00:37:56] [Server thread/WARN]: Fetching packet for removed entity EntityCitizen['Matias C. Addicock'/637, l='ServerLevel[Valhelsia_4_1540493]', x=3948.62, y=67.02, z=-139.50]
[00:38:01] [Server thread/INFO]: Sesshomaruux lost connection: Disconnected
[00:38:01] [Server thread/INFO]: Sesshomaruux left the game
[00:40:18] [Server thread/INFO]: There are 1 of a max of 20 players online: TinyTn
[00:40:46] [User Authenticator #7/INFO]: UUID of player Sesshomaruux is 801f18cb-e4b0-4f2e-b9ef-5ef4c28a0097
[00:40:51] [Server thread/INFO]: Using new advancement loading for net.minecraft.server.PlayerAdvancements@6a5ba5bc
[00:40:51] [Server thread/INFO]: Sesshomaruux[/73.83.57.145:61031] logged in with entity id 13955 at (3806.72803273881, 70.25220334025373, -172.72090099302014)
[00:40:51] [Server thread/INFO]: Sending ToolHandleTypeManager to Sesshomaruux
[00:40:51] [Server thread/INFO]: Sending SnowcapOvenFreezingManager to Sesshomaruux
[00:40:51] [Server thread/INFO]: Sending HorizoniteForgeFuelManager to Sesshomaruux
[00:40:51] [Server thread/INFO]: Sending AlchemyRecipeManager to Sesshomaruux
[00:40:51] [Server thread/INFO]: Sending JournalEntryManager to Sesshomaruux
[00:40:51] [Server thread/INFO]: Sending JournalSectionManager to Sesshomaruux
[00:40:51] [Server thread/INFO]: Sending JournalRequirementManager to Sesshomaruux
[00:40:51] [Server thread/INFO]: Sesshomaruux joined the game
[00:40:51] [Server thread/WARN]: Fetching packet for removed entity EntityCitizen['Bruce C. Ardall'/633, l='ServerLevel[Valhelsia_4_1540493]', x=3867.50, y=63.00, z=-32.03]
[00:40:51] [Server thread/WARN]: Fetching packet for removed entity EntityCitizen['Kyson A. Conquest'/638, l='ServerLevel[Valhelsia_4_1540493]', x=3913.50, y=64.00, z=-141.90]
[00:40:51] [Server thread/WARN]: Fetching packet for removed entity EntityCitizen['Matias C. Addicock'/637, l='ServerLevel[Valhelsia_4_1540493]', x=3948.62, y=67.02, z=-139.50]
[00:41:07] [Server thread/INFO]: Sesshomaruux lost connection: Disconnected
[00:41:07] [Server thread/INFO]: Sesshomaruux left the game
